<?xml version="1.0" encoding="UTF-8"?>
<testng-results ignored="0" total="1" passed="1" failed="0" skipped="0">
  <reporter-output>
  </reporter-output>
  <suite started-at="2025-07-31T10:51:29 IST" name="Suite" finished-at="2025-07-31T10:51:57 IST" duration-ms="27803">
    <groups>
    </groups>
    <test started-at="2025-07-31T10:51:29 IST" name="Test" finished-at="2025-07-31T10:51:57 IST" duration-ms="27803">
      <class name="producttest.TeamNTest">
        <test-method is-config="true" signature="ReportSetup()[pri:0, instance:producttest.TeamNTest@2b71e916]" started-at="2025-07-31T10:51:29 IST" name="ReportSetup" finished-at="2025-07-31T10:51:30 IST" duration-ms="207" status="PASS">
          <reporter-output>
          </reporter-output>
        </test-method> <!-- ReportSetup -->
        <test-method is-config="true" signature="BrowserSetup(java.lang.String)[pri:0, instance:producttest.TeamNTest@2b71e916]" started-at="2025-07-31T10:51:30 IST" name="BrowserSetup" finished-at="2025-07-31T10:51:39 IST" duration-ms="9363" status="PASS">
          <params>
            <param index="0">
              <value>
                <![CDATA[Chrome]]>
              </value>
            </param>
          </params>
          <reporter-output>
          </reporter-output>
        </test-method> <!-- BrowserSetup -->
        <test-method is-config="true" signature="Login()[pri:0, instance:producttest.TeamNTest@2b71e916]" started-at="2025-07-31T10:51:39 IST" name="Login" finished-at="2025-07-31T10:51:45 IST" duration-ms="6339" status="PASS">
          <reporter-output>
          </reporter-output>
        </test-method> <!-- Login -->
        <test-method signature="AddProduct()[pri:0, instance:producttest.TeamNTest@2b71e916]" started-at="2025-07-31T10:51:45 IST" name="AddProduct" finished-at="2025-07-31T10:51:54 IST" duration-ms="8978" status="PASS">
          <reporter-output>
          </reporter-output>
        </test-method> <!-- AddProduct -->
        <test-method is-config="true" signature="logout()[pri:0, instance:producttest.TeamNTest@2b71e916]" started-at="2025-07-31T10:51:55 IST" name="logout" finished-at="2025-07-31T10:51:56 IST" duration-ms="1802" status="PASS">
          <reporter-output>
          </reporter-output>
        </test-method> <!-- logout -->
        <test-method is-config="true" signature="closeBrowser()[pri:0, instance:producttest.TeamNTest@2b71e916]" started-at="2025-07-31T10:51:56 IST" name="closeBrowser" finished-at="2025-07-31T10:51:56 IST" duration-ms="142" status="PASS">
          <reporter-output>
          </reporter-output>
        </test-method> <!-- closeBrowser -->
        <test-method is-config="true" signature="ReportTerminate()[pri:0, instance:producttest.TeamNTest@2b71e916]" started-at="2025-07-31T10:51:56 IST" name="ReportTerminate" finished-at="2025-07-31T10:51:57 IST" duration-ms="646" status="PASS">
          <reporter-output>
          </reporter-output>
        </test-method> <!-- ReportTerminate -->
      </class> <!-- producttest.TeamNTest -->
    </test> <!-- Test -->
  </suite> <!-- Suite -->
</testng-results>
