<?xml version="1.0" encoding="UTF-8"?>
<testng-results ignored="0" total="1" passed="1" failed="0" skipped="0">
  <reporter-output>
  </reporter-output>
  <suite started-at="2025-07-28T11:57:21 IST" name="Suite" finished-at="2025-07-28T11:57:42 IST" duration-ms="21182">
    <groups>
    </groups>
    <test started-at="2025-07-28T11:57:21 IST" name="Test" finished-at="2025-07-28T11:57:42 IST" duration-ms="21182">
      <class name="producttest.TeamNTest">
        <test-method is-config="true" signature="BrowserSetup(java.lang.String)[pri:0, instance:producttest.TeamNTest@14cd1699]" started-at="2025-07-28T11:57:21 IST" name="BrowserSetup" finished-at="2025-07-28T11:57:33 IST" duration-ms="12241" status="PASS">
          <params>
            <param index="0">
              <value>
                <![CDATA[edge]]>
              </value>
            </param>
          </params>
          <reporter-output>
          </reporter-output>
        </test-method> <!-- BrowserSetup -->
        <test-method is-config="true" signature="Login()[pri:0, instance:producttest.TeamNTest@14cd1699]" started-at="2025-07-28T11:57:33 IST" name="Login" finished-at="2025-07-28T11:57:37 IST" duration-ms="4237" status="PASS">
          <reporter-output>
          </reporter-output>
        </test-method> <!-- Login -->
        <test-method signature="RangiSumadhar()[pri:0, instance:producttest.TeamNTest@14cd1699]" started-at="2025-07-28T11:57:37 IST" name="RangiSumadhar" finished-at="2025-07-28T11:57:41 IST" duration-ms="3173" status="PASS">
          <reporter-output>
          </reporter-output>
        </test-method> <!-- RangiSumadhar -->
        <test-method is-config="true" signature="logout()[pri:0, instance:producttest.TeamNTest@14cd1699]" started-at="2025-07-28T11:57:41 IST" name="logout" finished-at="2025-07-28T11:57:42 IST" duration-ms="1090" status="PASS">
          <reporter-output>
          </reporter-output>
        </test-method> <!-- logout -->
      </class> <!-- producttest.TeamNTest -->
    </test> <!-- Test -->
  </suite> <!-- Suite -->
</testng-results>
